E:\Users\Downloads\lanzouc.top\MT管理器^˃ ᵕ ˂ ^ฅ.apk
Keytool执行ExitCode：1
Keytool执行返回内容：
keytool 错误: java.io.FileNotFoundException: C:\Users\Guan\AppData\Local\Temp\fksbku5r.0mr\MT?.RSA (文件名、目录名或卷标语法不正确。)

E:\Users\Downloads\lanzouc.top\【推荐】网易云 9.1.4 杜比4.0.5 支持 安卓 15.apk
7za解压得到的RSA文件为空！
C:\Users\Guan\AppData\Local\Temp\x0osr0da.t2n
E:\Users\Downloads\lanzouc.top\【推荐】酷我音乐11.1.9.1(11191).apk
7za解压得到的RSA文件为空！
C:\Users\Guan\AppData\Local\Temp\ruoohr0p.ph0
E:\Users\Downloads\lanzouc.top\剪映_^˃ ᵕ ˂ ^ฅ.apk
7za解压得到的RSA文件为空！
C:\Users\Guan\AppData\Local\Temp\0zmlgo5m.ttz
E:\Users\Downloads\lanzouc.top\小红书^˃ ᵕ ˂ ^ฅ.apk
7za解压得到的RSA文件为空！
C:\Users\Guan\AppData\Local\Temp\gmf0ysrp.4k2
E:\Users\Downloads\lanzouc.top\微博 ^˃ ᵕ ˂ ^ฅ.apk
7za解压得到的RSA文件为空！
C:\Users\Guan\AppData\Local\Temp\ayyqr1tc.paf
E:\Users\Downloads\lanzouc.top\百度贴吧_内置贴吧TS模块^˃ ᵕ ˂ ^ฅ.apk
7za解压得到的RSA文件为空！
C:\Users\Guan\AppData\Local\Temp\ty3hbaji.024
E:\Users\Downloads\lanzouc.top\知乎^˃ ᵕ ˂ ^ฅ.apk
7za解压得到的RSA文件为空！
C:\Users\Guan\AppData\Local\Temp\ma31bjlo.2nk
E:\Users\Downloads\lanzouc.top\美图秀秀 v10.20.8高级版.apk
7za解压得到的RSA文件为空！
C:\Users\Guan\AppData\Local\Temp\nbn4opgp.oqc
